WARNING - 2025-12-02 02:52:04 --> [DEPRECATED] Passing lowercase HTTP method "get" is deprecated. Use uppercase HTTP method like "GET". in SYSTEMPATH/Router/RouteCollection.php on line 1026.
 1 SYSTEMPATH/Router/RouteCollection.php(1026): trigger_error('Passing lowercase HTTP method "get" is deprecated. Use uppercase HTTP method like "GET".', 16384)
 2 APPPATH/Config/Routes.php(12): CodeIgniter\Router\RouteCollection->match([...], 'adminlogin', 'Dashboard::index')
 3 SYSTEMPATH/Router/RouteCollection.php(339): require('/Applications/XAMPP/xamppfiles/htdocs/codeigniter/app/Config/Routes.php')
 4 SYSTEMPATH/CodeIgniter.php(821): CodeIgniter\Router\RouteCollection->loadRoutes()
 5 SYSTEMPATH/CodeIgniter.php(455): CodeIgniter\CodeIgniter->tryToRouteIt(null)
 6 SYSTEMPATH/CodeIgniter.php(354): CodeIgniter\CodeIgniter->handleRequest(null, Object(Config\Cache), false)
 7 SYSTEMPATH/Boot.php(334): CodeIgniter\CodeIgniter->run()
 8 SYSTEMPATH/Boot.php(67): CodeIgniter\Boot::runCodeIgniter(Object(CodeIgniter\CodeIgniter))
 9 FCPATH/index.php(59): CodeIgniter\Boot::bootWeb(Object(Config\Paths))
10 /Applications/Herd.app/Contents/Resources/valet/server.php(167): require('/Applications/XAMPP/xamppfiles/htdocs/codeigniter/public/index.php')
WARNING - 2025-12-02 02:52:04 --> [DEPRECATED] Passing lowercase HTTP method "post" is deprecated. Use uppercase HTTP method like "POST". in SYSTEMPATH/Router/RouteCollection.php on line 1026.
 1 SYSTEMPATH/Router/RouteCollection.php(1026): trigger_error('Passing lowercase HTTP method "post" is deprecated. Use uppercase HTTP method like "POST".', 16384)
 2 APPPATH/Config/Routes.php(12): CodeIgniter\Router\RouteCollection->match([...], 'adminlogin', 'Dashboard::index')
 3 SYSTEMPATH/Router/RouteCollection.php(339): require('/Applications/XAMPP/xamppfiles/htdocs/codeigniter/app/Config/Routes.php')
 4 SYSTEMPATH/CodeIgniter.php(821): CodeIgniter\Router\RouteCollection->loadRoutes()
 5 SYSTEMPATH/CodeIgniter.php(455): CodeIgniter\CodeIgniter->tryToRouteIt(null)
 6 SYSTEMPATH/CodeIgniter.php(354): CodeIgniter\CodeIgniter->handleRequest(null, Object(Config\Cache), false)
 7 SYSTEMPATH/Boot.php(334): CodeIgniter\CodeIgniter->run()
 8 SYSTEMPATH/Boot.php(67): CodeIgniter\Boot::runCodeIgniter(Object(CodeIgniter\CodeIgniter))
 9 FCPATH/index.php(59): CodeIgniter\Boot::bootWeb(Object(Config\Paths))
10 /Applications/Herd.app/Contents/Resources/valet/server.php(167): require('/Applications/XAMPP/xamppfiles/htdocs/codeigniter/public/index.php')
WARNING - 2025-12-02 07:18:44 --> [DEPRECATED] Passing lowercase HTTP method "get" is deprecated. Use uppercase HTTP method like "GET". in SYSTEMPATH/Router/RouteCollection.php on line 1026.
 1 SYSTEMPATH/Router/RouteCollection.php(1026): trigger_error('Passing lowercase HTTP method "get" is deprecated. Use uppercase HTTP method like "GET".', 16384)
 2 APPPATH/Config/Routes.php(12): CodeIgniter\Router\RouteCollection->match([...], 'adminlogin', 'Dashboard::index')
 3 SYSTEMPATH/Router/RouteCollection.php(339): require('/Applications/XAMPP/xamppfiles/htdocs/codeigniter/app/Config/Routes.php')
 4 SYSTEMPATH/CodeIgniter.php(821): CodeIgniter\Router\RouteCollection->loadRoutes()
 5 SYSTEMPATH/CodeIgniter.php(455): CodeIgniter\CodeIgniter->tryToRouteIt(null)
 6 SYSTEMPATH/CodeIgniter.php(354): CodeIgniter\CodeIgniter->handleRequest(null, Object(Config\Cache), false)
 7 SYSTEMPATH/Boot.php(334): CodeIgniter\CodeIgniter->run()
 8 SYSTEMPATH/Boot.php(67): CodeIgniter\Boot::runCodeIgniter(Object(CodeIgniter\CodeIgniter))
 9 FCPATH/index.php(59): CodeIgniter\Boot::bootWeb(Object(Config\Paths))
10 /Applications/Herd.app/Contents/Resources/valet/server.php(167): require('/Applications/XAMPP/xamppfiles/htdocs/codeigniter/public/index.php')
WARNING - 2025-12-02 07:18:44 --> [DEPRECATED] Passing lowercase HTTP method "post" is deprecated. Use uppercase HTTP method like "POST". in SYSTEMPATH/Router/RouteCollection.php on line 1026.
 1 SYSTEMPATH/Router/RouteCollection.php(1026): trigger_error('Passing lowercase HTTP method "post" is deprecated. Use uppercase HTTP method like "POST".', 16384)
 2 APPPATH/Config/Routes.php(12): CodeIgniter\Router\RouteCollection->match([...], 'adminlogin', 'Dashboard::index')
 3 SYSTEMPATH/Router/RouteCollection.php(339): require('/Applications/XAMPP/xamppfiles/htdocs/codeigniter/app/Config/Routes.php')
 4 SYSTEMPATH/CodeIgniter.php(821): CodeIgniter\Router\RouteCollection->loadRoutes()
 5 SYSTEMPATH/CodeIgniter.php(455): CodeIgniter\CodeIgniter->tryToRouteIt(null)
 6 SYSTEMPATH/CodeIgniter.php(354): CodeIgniter\CodeIgniter->handleRequest(null, Object(Config\Cache), false)
 7 SYSTEMPATH/Boot.php(334): CodeIgniter\CodeIgniter->run()
 8 SYSTEMPATH/Boot.php(67): CodeIgniter\Boot::runCodeIgniter(Object(CodeIgniter\CodeIgniter))
 9 FCPATH/index.php(59): CodeIgniter\Boot::bootWeb(Object(Config\Paths))
10 /Applications/Herd.app/Contents/Resources/valet/server.php(167): require('/Applications/XAMPP/xamppfiles/htdocs/codeigniter/public/index.php')
ERROR - 2025-12-02 07:18:44 --> Error connecting to the database: mysqli_sql_exception: Connection refused in /Applications/XAMPP/xamppfiles/htdocs/codeigniter/system/Database/MySQLi/Connection.php:201
Stack trace:
#0 /Applications/XAMPP/xamppfiles/htdocs/codeigniter/system/Database/MySQLi/Connection.php(201): mysqli->real_connect('127.0.0.1', 'root', Object(SensitiveParameterValue), 'landingpage', 3306, '', 0)
#1 /Applications/XAMPP/xamppfiles/htdocs/codeigniter/system/Database/BaseConnection.php(421): CodeIgniter\Database\MySQLi\Connection->connect(false)
#2 /Applications/XAMPP/xamppfiles/htdocs/codeigniter/system/Database/BaseConnection.php(620): CodeIgniter\Database\BaseConnection->initialize()
#3 /Applications/XAMPP/xamppfiles/htdocs/codeigniter/system/Database/BaseBuilder.php(1649): CodeIgniter\Database\BaseConnection->query('SELECT `article...', Array, false)
#4 /Applications/XAMPP/xamppfiles/htdocs/codeigniter/app/Models/SeoModel.php(47): CodeIgniter\Database\BaseBuilder->get()
#5 /Applications/XAMPP/xamppfiles/htdocs/codeigniter/app/Controllers/Home.php(19): App\Models\SeoModel->getSeoMeta('')
#6 /Applications/XAMPP/xamppfiles/htdocs/codeigniter/system/CodeIgniter.php(933): App\Controllers\Home->index()
#7 /Applications/XAMPP/xamppfiles/htdocs/codeigniter/system/CodeIgniter.php(507): CodeIgniter\CodeIgniter->runController(Object(App\Controllers\Home))
#8 /Applications/XAMPP/xamppfiles/htdocs/codeigniter/system/CodeIgniter.php(354): CodeIgniter\CodeIgniter->handleRequest(NULL, Object(Config\Cache), false)
#9 /Applications/XAMPP/xamppfiles/htdocs/codeigniter/system/Boot.php(334): CodeIgniter\CodeIgniter->run()
#10 /Applications/XAMPP/xamppfiles/htdocs/codeigniter/system/Boot.php(67): CodeIgniter\Boot::runCodeIgniter(Object(CodeIgniter\CodeIgniter))
#11 /Applications/XAMPP/xamppfiles/htdocs/codeigniter/public/index.php(59): CodeIgniter\Boot::bootWeb(Object(Config\Paths))
#12 /Applications/Herd.app/Contents/Resources/valet/server.php(167): require('/Applications/X...')
#13 {main}

Next CodeIgniter\Database\Exceptions\DatabaseException: Connection refused in /Applications/XAMPP/xamppfiles/htdocs/codeigniter/system/Database/MySQLi/Connection.php:246
Stack trace:
#0 /Applications/XAMPP/xamppfiles/htdocs/codeigniter/system/Database/BaseConnection.php(421): CodeIgniter\Database\MySQLi\Connection->connect(false)
#1 /Applications/XAMPP/xamppfiles/htdocs/codeigniter/system/Database/BaseConnection.php(620): CodeIgniter\Database\BaseConnection->initialize()
#2 /Applications/XAMPP/xamppfiles/htdocs/codeigniter/system/Database/BaseBuilder.php(1649): CodeIgniter\Database\BaseConnection->query('SELECT `article...', Array, false)
#3 /Applications/XAMPP/xamppfiles/htdocs/codeigniter/app/Models/SeoModel.php(47): CodeIgniter\Database\BaseBuilder->get()
#4 /Applications/XAMPP/xamppfiles/htdocs/codeigniter/app/Controllers/Home.php(19): App\Models\SeoModel->getSeoMeta('')
#5 /Applications/XAMPP/xamppfiles/htdocs/codeigniter/system/CodeIgniter.php(933): App\Controllers\Home->index()
#6 /Applications/XAMPP/xamppfiles/htdocs/codeigniter/system/CodeIgniter.php(507): CodeIgniter\CodeIgniter->runController(Object(App\Controllers\Home))
#7 /Applications/XAMPP/xamppfiles/htdocs/codeigniter/system/CodeIgniter.php(354): CodeIgniter\CodeIgniter->handleRequest(NULL, Object(Config\Cache), false)
#8 /Applications/XAMPP/xamppfiles/htdocs/codeigniter/system/Boot.php(334): CodeIgniter\CodeIgniter->run()
#9 /Applications/XAMPP/xamppfiles/htdocs/codeigniter/system/Boot.php(67): CodeIgniter\Boot::runCodeIgniter(Object(CodeIgniter\CodeIgniter))
#10 /Applications/XAMPP/xamppfiles/htdocs/codeigniter/public/index.php(59): CodeIgniter\Boot::bootWeb(Object(Config\Paths))
#11 /Applications/Herd.app/Contents/Resources/valet/server.php(167): require('/Applications/X...')
#12 {main}
CRITICAL - 2025-12-02 07:18:44 --> CodeIgniter\Database\Exceptions\DatabaseException: Unable to connect to the database.
Main connection [MySQLi]: Connection refused
[Method: GET, Route: /]
in SYSTEMPATH/Database/BaseConnection.php on line 467.
 1 SYSTEMPATH/Database/BaseConnection.php(620): CodeIgniter\Database\BaseConnection->initialize()
 2 SYSTEMPATH/Database/BaseBuilder.php(1649): CodeIgniter\Database\BaseConnection->query('SELECT `articles`.`title`, `articles`.`slug`, `articles`.`article_id`, `seo_metadata`.`page_type`, `seo_metadata`.`meta_title`, `seo_metadata`.`meta_description`, `seo_metadata`.`meta_keywords`, `seo_metadata`.`og_title`, `seo_metadata`.`og_description`, `seo_metadata`.`twitter_title`, `seo_metadata`.`twitter_description`, `seo_metadata`.`robots_meta`
FROM `articles`
JOIN `seo_metadata` ON `articles`.`article_id` = `seo_metadata`.`page_id`
WHERE `articles`.`slug` = :articles.slug:', [...], false)
 3 APPPATH/Models/SeoModel.php(47): CodeIgniter\Database\BaseBuilder->get()
 4 APPPATH/Controllers/Home.php(19): App\Models\SeoModel->getSeoMeta('')
 5 SYSTEMPATH/CodeIgniter.php(933): App\Controllers\Home->index()
 6 SYSTEMPATH/CodeIgniter.php(507): CodeIgniter\CodeIgniter->runController(Object(App\Controllers\Home))
 7 SYSTEMPATH/CodeIgniter.php(354): CodeIgniter\CodeIgniter->handleRequest(null, Object(Config\Cache), false)
 8 SYSTEMPATH/Boot.php(334): CodeIgniter\CodeIgniter->run()
 9 SYSTEMPATH/Boot.php(67): CodeIgniter\Boot::runCodeIgniter(Object(CodeIgniter\CodeIgniter))
10 FCPATH/index.php(59): CodeIgniter\Boot::bootWeb(Object(Config\Paths))
11 /Applications/Herd.app/Contents/Resources/valet/server.php(167): require('/Applications/XAMPP/xamppfiles/htdocs/codeigniter/public/index.php')
